<?xml version="1.0" encoding="UTF-8"?>
<!-- Generated by org.testng.reporters.JUnitReportReporter -->
<testsuite hostname="Soham" failures="0" tests="2" name="testCases.LoginTest" time="10.738" errors="0" timestamp="2025-04-11T20:27:33 IST" skipped="0">
  <testcase classname="testCases.LoginTest" name="logintoapplication" time="7.725"/>
  <system-out>
    <![CDATA[Login successful--https://gor-pathology.web.app/dashboard]]>
  </system-out>
  <testcase classname="testCases.LoginTest" name="loginWithInvalidCredentials" time="3.013"/>
  <system-out>
    <![CDATA[Login working as expected]]>
  </system-out>
</testsuite> <!-- testCases.LoginTest -->
