<?xml version="1.0" encoding="UTF-8"?>
<!-- Generated by org.testng.reporters.JUnitReportReporter -->
<testsuite hostname="Soham" failures="0" tests="2" name="testCases.LoginTest" time="10.872" errors="0" timestamp="2025-04-11T19:23:47 IST" skipped="0">
  <testcase classname="testCases.LoginTest" name="loginWithInvalidCredentials" time="3.856"/>
  <system-out>
    <![CDATA[Login working as expected]]>
  </system-out>
  <testcase classname="testCases.LoginTest" name="logintoapplication" time="7.016"/>
  <system-out>
    <![CDATA[Login successful--https://gor-pathology.web.app/dashboard]]>
  </system-out>
</testsuite> <!-- testCases.LoginTest -->
