<?xml version="1.0" encoding="UTF-8"?>
<!-- Generated by org.testng.reporters.JUnitReportReporter -->
<testsuite hostname="Soham" failures="0" tests="3" name="testCases.LoginTest" time="13.742" errors="0" timestamp="2025-04-10T19:19:49 IST" skipped="0">
  <testcase classname="testCases.LoginTest" name="loginWithInvalidCredentials" time="4.136"/>
  <system-out>
    <![CDATA[Login working as expected]]>
  </system-out>
  <testcase classname="testCases.LoginTest" name="logintoapplication" time="5.644"/>
  <system-out>
    <![CDATA[Login successful--https://gor-pathology.web.app/dashboard]]>
  </system-out>
  <testcase classname="testCases.LoginTest" name="verifyURLOfApplication" time="3.962"/>
  <system-out/>
</testsuite> <!-- testCases.LoginTest -->
