<?xml version="1.0" encoding="UTF-8"?>
<!-- Generated by org.testng.reporters.JUnitReportReporter -->
<testsuite hostname="Soham" failures="0" tests="4" name="testCases.HomePageTest" time="17.401" errors="0" timestamp="2025-04-11T13:51:58 IST" skipped="3">
  <testcase classname="testCases.HomePageTest" name="verifyCalculateWithDiscount" time="17.401"/>
  <system-out>
    <![CDATA[Subtotal calulated correctly
The discount is applied correctly by the cost calculator.]]>
  </system-out>
  <testcase classname="testCases.HomePageTest" name="todoListSectionOnHomePage">
    <skipped/>
  </testcase> <!-- todoListSectionOnHomePage -->
  <system-out/>
  <testcase classname="testCases.HomePageTest" name="verifyCalculatorWithoutDiscount">
    <skipped/>
  </testcase> <!-- verifyCalculatorWithoutDiscount -->
  <system-out/>
  <testcase classname="testCases.HomePageTest" name="costCalcSectionOnHomePage">
    <skipped/>
  </testcase> <!-- costCalcSectionOnHomePage -->
  <system-out/>
</testsuite> <!-- testCases.HomePageTest -->
