<?xml version="1.0" encoding="UTF-8"?>
<!-- Generated by org.testng.reporters.JUnitReportReporter -->
<testsuite hostname="Soham" failures="0" tests="4" name="testCases.HomePageTest" time="44.310" errors="0" timestamp="2025-04-11T20:27:33 IST" skipped="0">
  <testcase classname="testCases.HomePageTest" name="costCalcSectionOnHomePage" time="7.790"/>
  <system-out/>
  <testcase classname="testCases.HomePageTest" name="verifyCalculatorWithoutDiscount" time="12.843"/>
  <system-out>
    <![CDATA[Cost calculator functions properly without discount applied]]>
  </system-out>
  <testcase classname="testCases.HomePageTest" name="todoListSectionOnHomePage" time="7.435"/>
  <system-out/>
  <testcase classname="testCases.HomePageTest" name="verifyCalculateWithDiscount" time="16.242"/>
  <system-out>
    <![CDATA[Subtotal calulated correctly
The discount is applied correctly by the cost calculator.]]>
  </system-out>
</testsuite> <!-- testCases.HomePageTest -->
