<?xml version="1.0" encoding="UTF-8"?>
<!-- Generated by org.testng.reporters.JUnitReportReporter -->
<testsuite hostname="Soham" failures="0" tests="4" name="testCases.HomePageTest" time="44.541" errors="0" timestamp="2025-04-11T20:05:28 IST" skipped="0">
  <testcase classname="testCases.HomePageTest" name="verifyCalculatorWithoutDiscount" time="11.705"/>
  <system-out>
    <![CDATA[Cost calculator functions properly without discount applied]]>
  </system-out>
  <testcase classname="testCases.HomePageTest" name="costCalcSectionOnHomePage" time="6.814"/>
  <system-out/>
  <testcase classname="testCases.HomePageTest" name="verifyCalculateWithDiscount" time="19.586"/>
  <system-out>
    <![CDATA[Subtotal calulated correctly
The discount is applied correctly by the cost calculator.]]>
  </system-out>
  <testcase classname="testCases.HomePageTest" name="todoListSectionOnHomePage" time="6.436"/>
  <system-out/>
</testsuite> <!-- testCases.HomePageTest -->
